<?xml version="1.0" encoding="UTF-8"?>
<!-- Generated by org.testng.reporters.JUnitReportReporter -->
<testsuite hostname="DESKTOP-PJ8TGSP" failures="0" tests="1" name="taa" time="7.453" errors="0" timestamp="2021-12-02T22:17:22 EET" skipped="0">
  <testcase classname="taa" name="ceva" time="7.453"/>
  <system-out/>
</testsuite> <!-- taa -->
