<?xml version="1.0" encoding="UTF-8"?>
<!-- Generated by org.testng.reporters.JUnitReportReporter -->
<testsuite hostname="DESKTOP-PJ8TGSP" failures="0" tests="1" name="uiTests.MainPage" time="6.338" errors="0" timestamp="2021-12-04T22:34:22 EET" skipped="0">
  <testcase classname="uiTests.MainPage" name="myMethod" time="6.338"/>
  <system-out/>
</testsuite> <!-- uiTests.MainPage -->
