<?xml version="1.0" encoding="UTF-8"?>
<!-- Generated by org.testng.reporters.JUnitReportReporter -->
<testsuite hostname="DESKTOP-PJ8TGSP" failures="0" tests="1" name="uiTests.MainPage" time="5.411" errors="0" timestamp="2021-12-08T12:06:03 EET" skipped="0">
  <testcase classname="uiTests.MainPage" name="myMethod" time="5.411"/>
  <system-out/>
</testsuite> <!-- uiTests.MainPage -->
