<?xml version="1.0" encoding="UTF-8"?>
<!-- Generated by org.testng.reporters.JUnitReportReporter -->
<testsuite hostname="DESKTOP-PJ8TGSP" failures="0" tests="1" name="uiTests.MainPage" time="3.067" errors="0" timestamp="2022-01-21T13:16:00 EET" skipped="0">
  <testcase classname="uiTests.MainPage" name="myMethod" time="3.067"/>
  <system-out/>
</testsuite> <!-- uiTests.MainPage -->
